<?xml version="1.0" encoding="UTF-8"?>
<testsuite name="Address registration" tests="1" skipped="0" failures="1" errors="0" timestamp="2020-07-30T15:37:50" hostname="DESKTOP-35IE40O" time="44.851">
  <properties/>
  <testcase name="user can successfully register addresses" classname="Address registration" time="44.851">
    <failure message="java.lang.AssertionError: page found is not the same as the expected one" type="java.lang.AssertionError">java.lang.AssertionError: page found is not the same as the expected one
	at org.junit.Assert.fail(Assert.java:88)
	at org.junit.Assert.assertTrue(Assert.java:41)
	at com.automationpractice.certification.definitions.LoginDefiniton.i_go_to_the_page(LoginDefiniton.java:44)
	at ✽.I go to the &quot;Addresses - My Store&quot; page(src/test/resources/features/myAccount.feature:19)
</failure>
  </testcase>
  <system-out><![CDATA[]]></system-out>
  <system-err><![CDATA[jul 30, 2020 10:37:51 AM org.openqa.selenium.remote.DesiredCapabilities chrome
INFORMACIÓN: Using `new ChromeOptions()` is preferred to `DesiredCapabilities.chrome()`
Starting ChromeDriver 83.0.4103.39 (ccbf011cb2d2b19b506d844400483861342c20cd-refs/branch-heads/4103@{#416}) on port 10100
Only local connections are allowed.
Please see https://chromedriver.chromium.org/security-considerations for suggestions on keeping ChromeDriver safe.
ChromeDriver was started successfully.
[1596123472.822][WARNING]: This version of ChromeDriver has not been tested with Chrome version 84.
jul 30, 2020 10:37:54 AM org.openqa.selenium.remote.ProtocolHandshake createSession
INFORMACIÓN: Detected dialect: W3C
]]></system-err>
</testsuite>
